2022-01-05 17:03:12,847 [Worker-4: Loading available Gradle versions] INFO  o.e.b.c.i.u.g.PublishedGradleVersions - Gradle version information cache is out-of-date. Trying to update.
2022-01-05 17:07:27,861 [Worker-13: Importing Maven projects] INFO  o.e.m.c.i.l.LifecycleMappingFactory - Using org.eclipse.m2e.jdt.JarLifecycleMapping lifecycle mapping for MavenProject: com.apeiron.docflow:docflow:1.0-RELEASE @ C:\yassmine\paperlabs-Latest\docflow\pom.xml.
2022-01-05 17:07:32,292 [Worker-13: Importing Maven projects] INFO  o.e.m.c.i.l.LifecycleMappingFactory - Using org.eclipse.m2e.jdt.JarLifecycleMapping lifecycle mapping for MavenProject: com.apeiron.paperlabs:paperlabs:0.0.1-SNAPSHOT @ C:\yassmine\paperlabs-Latest\webapp\pom.xml.
2022-01-05 17:07:46,953 [Worker-13: Importing Maven projects] INFO  o.e.m.c.i.p.WorkspaceClassifierResolverManager - Resolving P/docflow: com.apeiron.docflow:docflow:1.0-RELEASE with classifier  to /docflow/target/classes
2022-01-05 17:08:11,928 [Worker-13: Importing Maven projects] INFO  o.e.m.j.i.AbstractJavaProjectConfigurator - Adding source folder /docflow/src/main/java
2022-01-05 17:08:11,929 [Worker-13: Importing Maven projects] INFO  o.e.m.j.i.AbstractJavaProjectConfigurator - Adding source folder /docflow/src/test/java
2022-01-05 17:08:14,859 [Worker-13: Importing Maven projects] INFO  o.e.m.j.i.AbstractJavaProjectConfigurator - Adding source folder /webapp/src/main/java
2022-01-05 17:08:14,860 [Worker-13: Importing Maven projects] INFO  o.e.m.j.i.AbstractJavaProjectConfigurator - Adding resource folder /webapp/src/main/resources
2022-01-05 17:08:14,861 [Worker-13: Importing Maven projects] INFO  o.e.m.j.i.AbstractJavaProjectConfigurator - Adding source folder /webapp/src/test/java
2022-01-05 17:08:14,861 [Worker-13: Importing Maven projects] INFO  o.e.m.j.i.AbstractJavaProjectConfigurator - Adding resource folder /webapp/src/test/resources
2022-01-05 17:08:15,379 [Worker-13: Importing Maven projects] INFO  o.e.m.c.i.p.ProjectConfigurationManager - Imported and configured 2 project(s) in 215 sec
2022-01-05 17:08:34,444 [Worker-4: Building] WARN  o.e.m.c.i.embedder.EclipseLogger - Using platform encoding (Cp1252 actually) to copy filtered resources, i.e. build is platform dependent!
2022-01-05 17:08:34,454 [Worker-4: Building] INFO  o.e.m.c.i.embedder.EclipseLogger - skip non existing resourceDirectory C:\yassmine\paperlabs-Latest\docflow\src\main\resources
2022-01-05 17:08:34,456 [Worker-4: Building] WARN  o.e.m.c.i.embedder.EclipseLogger - Using platform encoding (Cp1252 actually) to copy filtered resources, i.e. build is platform dependent!
2022-01-05 17:08:34,458 [Worker-4: Building] INFO  o.e.m.c.i.embedder.EclipseLogger - skip non existing resourceDirectory C:\yassmine\paperlabs-Latest\docflow\src\test\resources
2022-01-05 17:08:47,276 [Worker-4: Building] INFO  o.e.m.c.i.p.WorkspaceClassifierResolverManager - Resolving P/docflow: com.apeiron.docflow:docflow:1.0-RELEASE with classifier  to /docflow/target/classes
2022-01-05 17:08:48,296 [Worker-4: Building] INFO  o.e.m.c.i.embedder.EclipseLogger - Using 'UTF-8' encoding to copy filtered resources.
2022-01-05 17:08:48,356 [Worker-4: Building] INFO  o.e.m.c.i.embedder.EclipseLogger - Copying 4 resources
2022-01-05 17:08:48,552 [Worker-4: Building] INFO  o.e.m.c.i.embedder.EclipseLogger - Copying 33 resources
2022-01-05 17:08:48,882 [Worker-4: Building] INFO  o.e.m.c.i.embedder.EclipseLogger - Using 'UTF-8' encoding to copy filtered resources.
2022-01-05 17:08:48,883 [Worker-4: Building] INFO  o.e.m.c.i.embedder.EclipseLogger - Copying 4 resources
2022-01-05 17:08:49,060 [Worker-4: Building] INFO  o.e.m.c.i.embedder.EclipseLogger - Copying 33 resources
2022-01-05 17:08:49,105 [Worker-4: Building] INFO  o.e.m.c.i.embedder.EclipseLogger - Using 'UTF-8' encoding to copy filtered resources.
2022-01-05 17:08:49,105 [Worker-4: Building] INFO  o.e.m.c.i.embedder.EclipseLogger - Copying 6 resources
2022-01-05 17:18:32,739 [Worker-22: Building] WARN  o.e.m.c.i.embedder.EclipseLogger - Using platform encoding (Cp1252 actually) to copy filtered resources, i.e. build is platform dependent!
2022-01-05 17:18:32,740 [Worker-22: Building] INFO  o.e.m.c.i.embedder.EclipseLogger - skip non existing resourceDirectory C:\yassmine\paperlabs-Latest\docflow\src\main\resources
2022-01-05 17:18:32,742 [Worker-22: Building] WARN  o.e.m.c.i.embedder.EclipseLogger - Using platform encoding (Cp1252 actually) to copy filtered resources, i.e. build is platform dependent!
2022-01-05 17:18:32,742 [Worker-22: Building] INFO  o.e.m.c.i.embedder.EclipseLogger - skip non existing resourceDirectory C:\yassmine\paperlabs-Latest\docflow\src\test\resources
2022-01-05 17:18:32,795 [Worker-22: Building] INFO  o.e.m.c.i.embedder.EclipseLogger - Using 'UTF-8' encoding to copy filtered resources.
2022-01-05 17:18:32,796 [Worker-22: Building] INFO  o.e.m.c.i.embedder.EclipseLogger - Copying 0 resource
2022-01-05 17:18:32,797 [Worker-22: Building] INFO  o.e.m.c.i.embedder.EclipseLogger - Copying 0 resource
2022-01-05 17:18:32,800 [Worker-22: Building] INFO  o.e.m.c.i.embedder.EclipseLogger - Using 'UTF-8' encoding to copy filtered resources.
2022-01-05 17:18:32,800 [Worker-22: Building] INFO  o.e.m.c.i.embedder.EclipseLogger - Copying 0 resource
2022-01-05 17:18:32,800 [Worker-22: Building] INFO  o.e.m.c.i.embedder.EclipseLogger - Copying 0 resource
2022-01-05 17:18:32,804 [Worker-22: Building] INFO  o.e.m.c.i.embedder.EclipseLogger - Using 'UTF-8' encoding to copy filtered resources.
2022-01-05 17:18:32,804 [Worker-22: Building] INFO  o.e.m.c.i.embedder.EclipseLogger - Copying 0 resource
2022-01-05 17:23:59,446 [Worker-4: Loading available Gradle versions] INFO  o.e.b.c.i.u.g.PublishedGradleVersions - Gradle version information cache is up-to-date. Trying to read.
2022-01-05 17:29:52,222 [Worker-12: Importing Maven projects] ERROR o.e.m.c.i.p.ProjectConfigurationManager - Project webapp already exists
2022-01-05 17:29:52,229 [Worker-12: Importing Maven projects] INFO  o.e.m.c.i.p.ProjectConfigurationManager - Imported and configured 1 project(s) in 0 sec
2022-01-11 17:03:52,498 [Worker-1: Building] WARN  o.e.m.c.i.embedder.EclipseLogger - Using platform encoding (Cp1252 actually) to copy filtered resources, i.e. build is platform dependent!
2022-01-11 17:03:52,501 [Worker-1: Building] INFO  o.e.m.c.i.embedder.EclipseLogger - skip non existing resourceDirectory C:\yassmine\paperlabs-Latest\docflow\src\main\resources
2022-01-11 17:03:52,502 [Worker-1: Building] WARN  o.e.m.c.i.embedder.EclipseLogger - Using platform encoding (Cp1252 actually) to copy filtered resources, i.e. build is platform dependent!
2022-01-11 17:03:52,503 [Worker-1: Building] INFO  o.e.m.c.i.embedder.EclipseLogger - skip non existing resourceDirectory C:\yassmine\paperlabs-Latest\docflow\src\test\resources
2022-01-11 17:04:04,883 [Worker-1: Building] INFO  o.e.m.c.i.p.WorkspaceClassifierResolverManager - Resolving P/docflow: com.apeiron.docflow:docflow:1.0-RELEASE with classifier  to /docflow/target/classes
2022-01-11 17:04:06,495 [Worker-1: Building] INFO  o.e.m.c.i.embedder.EclipseLogger - Using 'UTF-8' encoding to copy filtered resources.
2022-01-11 17:04:06,501 [Worker-1: Building] INFO  o.e.m.c.i.embedder.EclipseLogger - Copying 4 resources
2022-01-11 17:04:06,530 [Worker-1: Building] INFO  o.e.m.c.i.embedder.EclipseLogger - Copying 33 resources
2022-01-11 17:04:06,619 [Worker-1: Building] INFO  o.e.m.c.i.embedder.EclipseLogger - Using 'UTF-8' encoding to copy filtered resources.
2022-01-11 17:04:06,620 [Worker-1: Building] INFO  o.e.m.c.i.embedder.EclipseLogger - Copying 4 resources
2022-01-11 17:04:06,628 [Worker-1: Building] INFO  o.e.m.c.i.embedder.EclipseLogger - Copying 33 resources
2022-01-11 17:04:06,840 [Worker-1: Building] INFO  o.e.m.c.i.embedder.EclipseLogger - Using 'UTF-8' encoding to copy filtered resources.
2022-01-11 17:04:06,840 [Worker-1: Building] INFO  o.e.m.c.i.embedder.EclipseLogger - Copying 6 resources
2022-01-11 17:05:33,897 [Worker-16: Loading available Gradle versions] INFO  o.e.b.c.i.u.g.PublishedGradleVersions - Gradle version information cache is out-of-date. Trying to update.
2022-01-11 17:05:37,428 [Worker-0: Building] INFO  o.e.m.c.i.embedder.EclipseLogger - Using 'UTF-8' encoding to copy filtered resources.
2022-01-11 17:05:37,429 [Worker-0: Building] INFO  o.e.m.c.i.embedder.EclipseLogger - Copying 0 resource
2022-01-11 17:05:37,429 [Worker-0: Building] INFO  o.e.m.c.i.embedder.EclipseLogger - Copying 0 resource
2022-01-11 17:05:37,432 [Worker-0: Building] INFO  o.e.m.c.i.embedder.EclipseLogger - Using 'UTF-8' encoding to copy filtered resources.
2022-01-11 17:05:37,432 [Worker-0: Building] INFO  o.e.m.c.i.embedder.EclipseLogger - Copying 0 resource
2022-01-11 17:05:37,433 [Worker-0: Building] INFO  o.e.m.c.i.embedder.EclipseLogger - Copying 0 resource
2022-01-11 17:05:37,436 [Worker-0: Building] INFO  o.e.m.c.i.embedder.EclipseLogger - Using 'UTF-8' encoding to copy filtered resources.
2022-01-11 17:05:37,437 [Worker-0: Building] INFO  o.e.m.c.i.embedder.EclipseLogger - Copying 0 resource
